<?xml version="1.0" encoding="UTF-8"?>
<testsuite xmlns:xsi="http://www.w3.org/2001/XMLSchema-instance" xsi:noNamespaceSchemaLocation="https://maven.apache.org/surefire/maven-surefire-plugin/xsd/surefire-test-report-3.0.xsd" version="3.0" name="testscenario.ScenarioJunitActivatorTest" time="0.064" tests="0" errors="0" skipped="0" failures="0">
  <properties>
    <property name="sun.desktop" value="gnome"/>
    <property name="awt.toolkit" value="sun.awt.X11.XToolkit"/>
    <property name="java.specification.version" value="11"/>
    <property name="sun.cpu.isalist" value=""/>
    <property name="sun.jnu.encoding" value="UTF-8"/>
    <property name="java.class.path" value="/home/erouvas/main/rh/pelatis/motability/2021.10/tax-rules/target/test-classes:/home/erouvas/main/rh/pelatis/motability/2021.10/tax-rules/target/classes:/home/erouvas/.m2/repository/scot/dagda/vrm8890rulesupport/vrm8890rulesupport/1.6-SNAPSHOT/vrm8890rulesupport-1.6-SNAPSHOT.jar:/home/erouvas/.m2/repository/scot/dagda/vrm8890datamodel/vrm8890datamodel/1.6-SNAPSHOT/vrm8890datamodel-1.6-SNAPSHOT.jar:/home/erouvas/.m2/repository/org/kie/kie-api/7.23.0.Final-redhat-00002/kie-api-7.23.0.Final-redhat-00002.jar:/home/erouvas/.m2/repository/org/kie/soup/kie-soup-maven-support/7.23.0.Final-redhat-00002/kie-soup-maven-support-7.23.0.Final-redhat-00002.jar:/home/erouvas/.m2/repository/org/slf4j/slf4j-api/1.7.26/slf4j-api-1.7.26.jar:/home/erouvas/.m2/repository/org/kie/kie-internal/7.23.0.Final-redhat-00002/kie-internal-7.23.0.Final-redhat-00002.jar:/home/erouvas/.m2/repository/org/optaplanner/optaplanner-core/7.23.0.Final-redhat-00002/optaplanner-core-7.23.0.Final-redhat-00002.jar:/home/erouvas/.m2/repository/org/drools/drools-core/7.23.0.Final-redhat-00002/drools-core-7.23.0.Final-redhat-00002.jar:/home/erouvas/.m2/repository/commons-codec/commons-codec/1.10.0.redhat-5/commons-codec-1.10.0.redhat-5.jar:/home/erouvas/.m2/repository/org/apache/commons/commons-lang3/3.8.1/commons-lang3-3.8.1.jar:/home/erouvas/.m2/repository/org/apache/commons/commons-math3/3.4.1.redhat-3/commons-math3-3.4.1.redhat-3.jar:/home/erouvas/.m2/repository/com/google/guava/guava/25.0-jre/guava-25.0-jre.jar:/home/erouvas/.m2/repository/com/google/code/findbugs/jsr305/1.3.9/jsr305-1.3.9.jar:/home/erouvas/.m2/repository/org/checkerframework/checker-compat-qual/2.0.0/checker-compat-qual-2.0.0.jar:/home/erouvas/.m2/repository/com/google/errorprone/error_prone_annotations/2.1.3/error_prone_annotations-2.1.3.jar:/home/erouvas/.m2/repository/com/google/j2objc/j2objc-annotations/1.1/j2objc-annotations-1.1.jar:/home/erouvas/.m2/repository/org/codehaus/mojo/animal-sniffer-annotations/1.14/animal-sniffer-annotations-1.14.jar:/home/erouvas/.m2/repository/org/reflections/reflections/0.9.11/reflections-0.9.11.jar:/home/erouvas/.m2/repository/org/javassist/javassist/3.21.0-GA/javassist-3.21.0-GA.jar:/home/erouvas/.m2/repository/org/optaplanner/optaplanner-persistence-jaxb/7.23.0.Final-redhat-00002/optaplanner-persistence-jaxb-7.23.0.Final-redhat-00002.jar:/home/erouvas/.m2/repository/org/optaplanner/optaplanner-persistence-common/7.23.0.Final-redhat-00002/optaplanner-persistence-common-7.23.0.Final-redhat-00002.jar:/home/erouvas/.m2/repository/org/jboss/spec/javax/xml/bind/jboss-jaxb-api_2.3_spec/1.0.1.Final-redhat-1/jboss-jaxb-api_2.3_spec-1.0.1.Final-redhat-1.jar:/home/erouvas/.m2/repository/com/sun/xml/bind/jaxb-core/2.3.0/jaxb-core-2.3.0.jar:/home/erouvas/.m2/repository/com/sun/xml/bind/jaxb-impl/2.3.0/jaxb-impl-2.3.0.jar:/home/erouvas/.m2/repository/javax/activation/activation/1.1.1.redhat-5/activation-1.1.1.redhat-5.jar:/home/erouvas/.m2/repository/junit/junit/4.12/junit-4.12.jar:/home/erouvas/.m2/repository/org/hamcrest/hamcrest-core/1.3/hamcrest-core-1.3.jar:/home/erouvas/.m2/repository/com/thoughtworks/xstream/xstream/1.4.10/xstream-1.4.10.jar:/home/erouvas/.m2/repository/xmlpull/xmlpull/1.1.3.1/xmlpull-1.1.3.1.jar:/home/erouvas/.m2/repository/xpp3/xpp3_min/1.1.4c/xpp3_min-1.1.4c.jar:/home/erouvas/.m2/repository/org/drools/drools-scenario-simulation-api/7.23.0.Final-redhat-00002/drools-scenario-simulation-api-7.23.0.Final-redhat-00002.jar:/home/erouvas/.m2/repository/org/kie/soup/kie-soup-project-datamodel-api/7.23.0.Final-redhat-00002/kie-soup-project-datamodel-api-7.23.0.Final-redhat-00002.jar:/home/erouvas/.m2/repository/org/drools/drools-scenario-simulation-backend/7.23.0.Final-redhat-00002/drools-scenario-simulation-backend-7.23.0.Final-redhat-00002.jar:/home/erouvas/.m2/repository/com/fasterxml/jackson/core/jackson-databind/2.9.8/jackson-databind-2.9.8.jar:/home/erouvas/.m2/repository/com/fasterxml/jackson/core/jackson-annotations/2.9.0/jackson-annotations-2.9.0.jar:/home/erouvas/.m2/repository/com/fasterxml/jackson/core/jackson-core/2.9.8/jackson-core-2.9.8.jar:/home/erouvas/.m2/repository/org/kie/soup/kie-soup-commons/7.23.0.Final-redhat-00002/kie-soup-commons-7.23.0.Final-redhat-00002.jar:/home/erouvas/.m2/repository/org/drools/drools-compiler/7.23.0.Final-redhat-00002/drools-compiler-7.23.0.Final-redhat-00002.jar:/home/erouvas/.m2/repository/org/kie/soup/kie-soup-project-datamodel-commons/7.23.0.Final-redhat-00002/kie-soup-project-datamodel-commons-7.23.0.Final-redhat-00002.jar:/home/erouvas/.m2/repository/org/antlr/antlr-runtime/3.5.2/antlr-runtime-3.5.2.jar:/home/erouvas/.m2/repository/org/eclipse/jdt/core/compiler/ecj/4.6.1.redhat-1/ecj-4.6.1.redhat-1.jar:/home/erouvas/.m2/repository/org/mvel/mvel2/2.4.3.Final-redhat-1/mvel2-2.4.3.Final-redhat-1.jar:/home/erouvas/.m2/repository/com/google/protobuf/protobuf-java/3.6.1/protobuf-java-3.6.1.jar:/home/erouvas/.m2/repository/org/drools/drools-workbench-models-guided-dtable/7.23.0.Final-redhat-00002/drools-workbench-models-guided-dtable-7.23.0.Final-redhat-00002.jar:/home/erouvas/.m2/repository/org/uberfire/uberfire-commons/2.20.0.Final-redhat-00002/uberfire-commons-2.20.0.Final-redhat-00002.jar:/home/erouvas/.m2/repository/org/apache/activemq/artemis-jms-client/2.3.0/artemis-jms-client-2.3.0.jar:/home/erouvas/.m2/repository/org/apache/activemq/artemis-core-client/2.3.0/artemis-core-client-2.3.0.jar:/home/erouvas/.m2/repository/org/jgroups/jgroups/3.6.13.Final/jgroups-3.6.13.Final.jar:/home/erouvas/.m2/repository/org/apache/activemq/artemis-commons/2.3.0/artemis-commons-2.3.0.jar:/home/erouvas/.m2/repository/org/jboss/logging/jboss-logging/3.3.0.Final/jboss-logging-3.3.0.Final.jar:/home/erouvas/.m2/repository/commons-beanutils/commons-beanutils/1.9.2/commons-beanutils-1.9.2.jar:/home/erouvas/.m2/repository/commons-collections/commons-collections/3.2.1/commons-collections-3.2.1.jar:/home/erouvas/.m2/repository/org/apache/geronimo/specs/geronimo-json_1.0_spec/1.0-alpha-1/geronimo-json_1.0_spec-1.0-alpha-1.jar:/home/erouvas/.m2/repository/org/apache/johnzon/johnzon-core/0.9.5/johnzon-core-0.9.5.jar:/home/erouvas/.m2/repository/org/apache/activemq/artemis-selector/2.3.0/artemis-selector-2.3.0.jar:/home/erouvas/.m2/repository/org/jboss/errai/errai-marshalling/4.6.0.Final-redhat-00001/errai-marshalling-4.6.0.Final-redhat-00001.jar:/home/erouvas/.m2/repository/org/jboss/errai/errai-common/4.6.0.Final-redhat-00001/errai-common-4.6.0.Final-redhat-00001.jar:/home/erouvas/.m2/repository/com/google/jsinterop/jsinterop-annotations/1.0.1/jsinterop-annotations-1.0.1.jar:/home/erouvas/.m2/repository/org/jboss/errai/reflections/reflections/4.6.0.Final-redhat-00001/reflections-4.6.0.Final-redhat-00001.jar:/home/erouvas/.m2/repository/de/benediktmeurer/gwt-slf4j/gwt-slf4j/0.0.2/gwt-slf4j-0.0.2.jar:/home/erouvas/.m2/repository/com/google/elemental2/elemental2-dom/1.0.0-beta-1/elemental2-dom-1.0.0-beta-1.jar:/home/erouvas/.m2/repository/com/google/jsinterop/base/1.0.0-beta-1/base-1.0.0-beta-1.jar:/home/erouvas/.m2/repository/com/google/elemental2/elemental2-core/1.0.0-beta-1/elemental2-core-1.0.0-beta-1.jar:/home/erouvas/.m2/repository/com/google/elemental2/elemental2-promise/1.0.0-beta-1/elemental2-promise-1.0.0-beta-1.jar:/home/erouvas/.m2/repository/org/jboss/errai/errai-config/4.6.0.Final-redhat-00001/errai-config-4.6.0.Final-redhat-00001.jar:/home/erouvas/.m2/repository/org/jboss/errai/errai-codegen/4.6.0.Final-redhat-00001/errai-codegen-4.6.0.Final-redhat-00001.jar:/home/erouvas/.m2/repository/org/jboss/errai/errai-codegen-gwt/4.6.0.Final-redhat-00001/errai-codegen-gwt-4.6.0.Final-redhat-00001.jar:/home/erouvas/.m2/repository/javax/inject/javax.inject/1.0.0.redhat-6/javax.inject-1.0.0.redhat-6.jar:/home/erouvas/.m2/repository/javax/enterprise/cdi-api/1.2/cdi-api-1.2.jar:/home/erouvas/.m2/repository/org/jboss/spec/javax/jms/jboss-jms-api_2.0_spec/1.0.2.Final-redhat-1/jboss-jms-api_2.0_spec-1.0.2.Final-redhat-1.jar:/home/erouvas/.m2/repository/io/netty/netty-buffer/4.1.16.Final/netty-buffer-4.1.16.Final.jar:/home/erouvas/.m2/repository/io/netty/netty-common/4.1.16.Final/netty-common-4.1.16.Final.jar:/home/erouvas/.m2/repository/io/netty/netty-transport/4.1.16.Final/netty-transport-4.1.16.Final.jar:/home/erouvas/.m2/repository/io/netty/netty-resolver/4.1.16.Final/netty-resolver-4.1.16.Final.jar:/home/erouvas/.m2/repository/io/netty/netty-handler/4.1.16.Final/netty-handler-4.1.16.Final.jar:/home/erouvas/.m2/repository/io/netty/netty-codec/4.1.16.Final/netty-codec-4.1.16.Final.jar:/home/erouvas/.m2/repository/io/netty/netty-transport-native-epoll/4.1.16.Final/netty-transport-native-epoll-4.1.16.Final-linux-x86_64.jar:/home/erouvas/.m2/repository/io/netty/netty-transport-native-unix-common/4.1.16.Final/netty-transport-native-unix-common-4.1.16.Final.jar:/home/erouvas/.m2/repository/io/netty/netty-transport-native-kqueue/4.1.16.Final/netty-transport-native-kqueue-4.1.16.Final-osx-x86_64.jar:/home/erouvas/.m2/repository/io/netty/netty-codec-http/4.1.16.Final/netty-codec-http-4.1.16.Final.jar:/home/erouvas/.m2/repository/org/drools/drools-workbench-models-datamodel-api/7.23.0.Final-redhat-00002/drools-workbench-models-datamodel-api-7.23.0.Final-redhat-00002.jar:/home/erouvas/.m2/repository/org/drools/drools-workbench-models-commons/7.23.0.Final-redhat-00002/drools-workbench-models-commons-7.23.0.Final-redhat-00002.jar:/home/erouvas/.m2/repository/org/kie/kie-dmn-feel/7.23.0.Final-redhat-00002/kie-dmn-feel-7.23.0.Final-redhat-00002.jar:/home/erouvas/.m2/repository/org/kie/kie-dmn-model/7.23.0.Final-redhat-00002/kie-dmn-model-7.23.0.Final-redhat-00002.jar:/home/erouvas/.m2/repository/org/antlr/antlr4-runtime/4.7.2/antlr4-runtime-4.7.2.jar:/home/erouvas/.m2/repository/com/github/javaparser/javaparser-core/3.13.10/javaparser-core-3.13.10.jar:/home/erouvas/.m2/repository/org/drools/drools-constraint-parser/7.23.0.Final-redhat-00002/drools-constraint-parser-7.23.0.Final-redhat-00002.jar:/home/erouvas/.m2/repository/org/jboss/spec/javax/annotation/jboss-annotations-api_1.2_spec/1.0.0.Final/jboss-annotations-api_1.2_spec-1.0.0.Final.jar:/home/erouvas/.m2/repository/ch/obermuhlner/big-math/2.0.1/big-math-2.0.1.jar:/home/erouvas/.m2/repository/org/kie/kie-dmn-api/7.23.0.Final-redhat-00002/kie-dmn-api-7.23.0.Final-redhat-00002.jar:/home/erouvas/.m2/repository/org/kie/kie-dmn-core/7.23.0.Final-redhat-00002/kie-dmn-core-7.23.0.Final-redhat-00002.jar:/home/erouvas/.m2/repository/org/kie/kie-dmn-backend/7.23.0.Final-redhat-00002/kie-dmn-backend-7.23.0.Final-redhat-00002.jar:/home/erouvas/.m2/repository/org/drools/drools-canonical-model/7.23.0.Final-redhat-00002/drools-canonical-model-7.23.0.Final-redhat-00002.jar:/home/erouvas/.m2/repository/org/drools/drools-model-compiler/7.23.0.Final-redhat-00002/drools-model-compiler-7.23.0.Final-redhat-00002.jar:"/>
    <property name="java.vm.vendor" value="Red Hat, Inc."/>
    <property name="sun.arch.data.model" value="64"/>
    <property name="java.vendor.url" value="https://www.redhat.com/"/>
    <property name="user.timezone" value=""/>
    <property name="java.vm.specification.version" value="11"/>
    <property name="os.name" value="Linux"/>
    <property name="sun.java.launcher" value="SUN_STANDARD"/>
    <property name="user.country" value="GB"/>
    <property name="sun.boot.library.path" value="/usr/lib/jvm/java-11-openjdk-11.0.12.0.7-4.fc33.x86_64/lib"/>
    <property name="sun.java.command" value="/home/erouvas/main/rh/pelatis/motability/2021.10/tax-rules/target/surefire/surefirebooter5162823993750564153.jar /home/erouvas/main/rh/pelatis/motability/2021.10/tax-rules/target/surefire 2021-10-14T05-06-14_296-jvmRun1 surefire15861538051124340535tmp surefire_06093096610690004808tmp"/>
    <property name="jdk.debug" value="release"/>
    <property name="surefire.test.class.path" value="/home/erouvas/main/rh/pelatis/motability/2021.10/tax-rules/target/test-classes:/home/erouvas/main/rh/pelatis/motability/2021.10/tax-rules/target/classes:/home/erouvas/.m2/repository/scot/dagda/vrm8890rulesupport/vrm8890rulesupport/1.6-SNAPSHOT/vrm8890rulesupport-1.6-SNAPSHOT.jar:/home/erouvas/.m2/repository/scot/dagda/vrm8890datamodel/vrm8890datamodel/1.6-SNAPSHOT/vrm8890datamodel-1.6-SNAPSHOT.jar:/home/erouvas/.m2/repository/org/kie/kie-api/7.23.0.Final-redhat-00002/kie-api-7.23.0.Final-redhat-00002.jar:/home/erouvas/.m2/repository/org/kie/soup/kie-soup-maven-support/7.23.0.Final-redhat-00002/kie-soup-maven-support-7.23.0.Final-redhat-00002.jar:/home/erouvas/.m2/repository/org/slf4j/slf4j-api/1.7.26/slf4j-api-1.7.26.jar:/home/erouvas/.m2/repository/org/kie/kie-internal/7.23.0.Final-redhat-00002/kie-internal-7.23.0.Final-redhat-00002.jar:/home/erouvas/.m2/repository/org/optaplanner/optaplanner-core/7.23.0.Final-redhat-00002/optaplanner-core-7.23.0.Final-redhat-00002.jar:/home/erouvas/.m2/repository/org/drools/drools-core/7.23.0.Final-redhat-00002/drools-core-7.23.0.Final-redhat-00002.jar:/home/erouvas/.m2/repository/commons-codec/commons-codec/1.10.0.redhat-5/commons-codec-1.10.0.redhat-5.jar:/home/erouvas/.m2/repository/org/apache/commons/commons-lang3/3.8.1/commons-lang3-3.8.1.jar:/home/erouvas/.m2/repository/org/apache/commons/commons-math3/3.4.1.redhat-3/commons-math3-3.4.1.redhat-3.jar:/home/erouvas/.m2/repository/com/google/guava/guava/25.0-jre/guava-25.0-jre.jar:/home/erouvas/.m2/repository/com/google/code/findbugs/jsr305/1.3.9/jsr305-1.3.9.jar:/home/erouvas/.m2/repository/org/checkerframework/checker-compat-qual/2.0.0/checker-compat-qual-2.0.0.jar:/home/erouvas/.m2/repository/com/google/errorprone/error_prone_annotations/2.1.3/error_prone_annotations-2.1.3.jar:/home/erouvas/.m2/repository/com/google/j2objc/j2objc-annotations/1.1/j2objc-annotations-1.1.jar:/home/erouvas/.m2/repository/org/codehaus/mojo/animal-sniffer-annotations/1.14/animal-sniffer-annotations-1.14.jar:/home/erouvas/.m2/repository/org/reflections/reflections/0.9.11/reflections-0.9.11.jar:/home/erouvas/.m2/repository/org/javassist/javassist/3.21.0-GA/javassist-3.21.0-GA.jar:/home/erouvas/.m2/repository/org/optaplanner/optaplanner-persistence-jaxb/7.23.0.Final-redhat-00002/optaplanner-persistence-jaxb-7.23.0.Final-redhat-00002.jar:/home/erouvas/.m2/repository/org/optaplanner/optaplanner-persistence-common/7.23.0.Final-redhat-00002/optaplanner-persistence-common-7.23.0.Final-redhat-00002.jar:/home/erouvas/.m2/repository/org/jboss/spec/javax/xml/bind/jboss-jaxb-api_2.3_spec/1.0.1.Final-redhat-1/jboss-jaxb-api_2.3_spec-1.0.1.Final-redhat-1.jar:/home/erouvas/.m2/repository/com/sun/xml/bind/jaxb-core/2.3.0/jaxb-core-2.3.0.jar:/home/erouvas/.m2/repository/com/sun/xml/bind/jaxb-impl/2.3.0/jaxb-impl-2.3.0.jar:/home/erouvas/.m2/repository/javax/activation/activation/1.1.1.redhat-5/activation-1.1.1.redhat-5.jar:/home/erouvas/.m2/repository/junit/junit/4.12/junit-4.12.jar:/home/erouvas/.m2/repository/org/hamcrest/hamcrest-core/1.3/hamcrest-core-1.3.jar:/home/erouvas/.m2/repository/com/thoughtworks/xstream/xstream/1.4.10/xstream-1.4.10.jar:/home/erouvas/.m2/repository/xmlpull/xmlpull/1.1.3.1/xmlpull-1.1.3.1.jar:/home/erouvas/.m2/repository/xpp3/xpp3_min/1.1.4c/xpp3_min-1.1.4c.jar:/home/erouvas/.m2/repository/org/drools/drools-scenario-simulation-api/7.23.0.Final-redhat-00002/drools-scenario-simulation-api-7.23.0.Final-redhat-00002.jar:/home/erouvas/.m2/repository/org/kie/soup/kie-soup-project-datamodel-api/7.23.0.Final-redhat-00002/kie-soup-project-datamodel-api-7.23.0.Final-redhat-00002.jar:/home/erouvas/.m2/repository/org/drools/drools-scenario-simulation-backend/7.23.0.Final-redhat-00002/drools-scenario-simulation-backend-7.23.0.Final-redhat-00002.jar:/home/erouvas/.m2/repository/com/fasterxml/jackson/core/jackson-databind/2.9.8/jackson-databind-2.9.8.jar:/home/erouvas/.m2/repository/com/fasterxml/jackson/core/jackson-annotations/2.9.0/jackson-annotations-2.9.0.jar:/home/erouvas/.m2/repository/com/fasterxml/jackson/core/jackson-core/2.9.8/jackson-core-2.9.8.jar:/home/erouvas/.m2/repository/org/kie/soup/kie-soup-commons/7.23.0.Final-redhat-00002/kie-soup-commons-7.23.0.Final-redhat-00002.jar:/home/erouvas/.m2/repository/org/drools/drools-compiler/7.23.0.Final-redhat-00002/drools-compiler-7.23.0.Final-redhat-00002.jar:/home/erouvas/.m2/repository/org/kie/soup/kie-soup-project-datamodel-commons/7.23.0.Final-redhat-00002/kie-soup-project-datamodel-commons-7.23.0.Final-redhat-00002.jar:/home/erouvas/.m2/repository/org/antlr/antlr-runtime/3.5.2/antlr-runtime-3.5.2.jar:/home/erouvas/.m2/repository/org/eclipse/jdt/core/compiler/ecj/4.6.1.redhat-1/ecj-4.6.1.redhat-1.jar:/home/erouvas/.m2/repository/org/mvel/mvel2/2.4.3.Final-redhat-1/mvel2-2.4.3.Final-redhat-1.jar:/home/erouvas/.m2/repository/com/google/protobuf/protobuf-java/3.6.1/protobuf-java-3.6.1.jar:/home/erouvas/.m2/repository/org/drools/drools-workbench-models-guided-dtable/7.23.0.Final-redhat-00002/drools-workbench-models-guided-dtable-7.23.0.Final-redhat-00002.jar:/home/erouvas/.m2/repository/org/uberfire/uberfire-commons/2.20.0.Final-redhat-00002/uberfire-commons-2.20.0.Final-redhat-00002.jar:/home/erouvas/.m2/repository/org/apache/activemq/artemis-jms-client/2.3.0/artemis-jms-client-2.3.0.jar:/home/erouvas/.m2/repository/org/apache/activemq/artemis-core-client/2.3.0/artemis-core-client-2.3.0.jar:/home/erouvas/.m2/repository/org/jgroups/jgroups/3.6.13.Final/jgroups-3.6.13.Final.jar:/home/erouvas/.m2/repository/org/apache/activemq/artemis-commons/2.3.0/artemis-commons-2.3.0.jar:/home/erouvas/.m2/repository/org/jboss/logging/jboss-logging/3.3.0.Final/jboss-logging-3.3.0.Final.jar:/home/erouvas/.m2/repository/commons-beanutils/commons-beanutils/1.9.2/commons-beanutils-1.9.2.jar:/home/erouvas/.m2/repository/commons-collections/commons-collections/3.2.1/commons-collections-3.2.1.jar:/home/erouvas/.m2/repository/org/apache/geronimo/specs/geronimo-json_1.0_spec/1.0-alpha-1/geronimo-json_1.0_spec-1.0-alpha-1.jar:/home/erouvas/.m2/repository/org/apache/johnzon/johnzon-core/0.9.5/johnzon-core-0.9.5.jar:/home/erouvas/.m2/repository/org/apache/activemq/artemis-selector/2.3.0/artemis-selector-2.3.0.jar:/home/erouvas/.m2/repository/org/jboss/errai/errai-marshalling/4.6.0.Final-redhat-00001/errai-marshalling-4.6.0.Final-redhat-00001.jar:/home/erouvas/.m2/repository/org/jboss/errai/errai-common/4.6.0.Final-redhat-00001/errai-common-4.6.0.Final-redhat-00001.jar:/home/erouvas/.m2/repository/com/google/jsinterop/jsinterop-annotations/1.0.1/jsinterop-annotations-1.0.1.jar:/home/erouvas/.m2/repository/org/jboss/errai/reflections/reflections/4.6.0.Final-redhat-00001/reflections-4.6.0.Final-redhat-00001.jar:/home/erouvas/.m2/repository/de/benediktmeurer/gwt-slf4j/gwt-slf4j/0.0.2/gwt-slf4j-0.0.2.jar:/home/erouvas/.m2/repository/com/google/elemental2/elemental2-dom/1.0.0-beta-1/elemental2-dom-1.0.0-beta-1.jar:/home/erouvas/.m2/repository/com/google/jsinterop/base/1.0.0-beta-1/base-1.0.0-beta-1.jar:/home/erouvas/.m2/repository/com/google/elemental2/elemental2-core/1.0.0-beta-1/elemental2-core-1.0.0-beta-1.jar:/home/erouvas/.m2/repository/com/google/elemental2/elemental2-promise/1.0.0-beta-1/elemental2-promise-1.0.0-beta-1.jar:/home/erouvas/.m2/repository/org/jboss/errai/errai-config/4.6.0.Final-redhat-00001/errai-config-4.6.0.Final-redhat-00001.jar:/home/erouvas/.m2/repository/org/jboss/errai/errai-codegen/4.6.0.Final-redhat-00001/errai-codegen-4.6.0.Final-redhat-00001.jar:/home/erouvas/.m2/repository/org/jboss/errai/errai-codegen-gwt/4.6.0.Final-redhat-00001/errai-codegen-gwt-4.6.0.Final-redhat-00001.jar:/home/erouvas/.m2/repository/javax/inject/javax.inject/1.0.0.redhat-6/javax.inject-1.0.0.redhat-6.jar:/home/erouvas/.m2/repository/javax/enterprise/cdi-api/1.2/cdi-api-1.2.jar:/home/erouvas/.m2/repository/org/jboss/spec/javax/jms/jboss-jms-api_2.0_spec/1.0.2.Final-redhat-1/jboss-jms-api_2.0_spec-1.0.2.Final-redhat-1.jar:/home/erouvas/.m2/repository/io/netty/netty-buffer/4.1.16.Final/netty-buffer-4.1.16.Final.jar:/home/erouvas/.m2/repository/io/netty/netty-common/4.1.16.Final/netty-common-4.1.16.Final.jar:/home/erouvas/.m2/repository/io/netty/netty-transport/4.1.16.Final/netty-transport-4.1.16.Final.jar:/home/erouvas/.m2/repository/io/netty/netty-resolver/4.1.16.Final/netty-resolver-4.1.16.Final.jar:/home/erouvas/.m2/repository/io/netty/netty-handler/4.1.16.Final/netty-handler-4.1.16.Final.jar:/home/erouvas/.m2/repository/io/netty/netty-codec/4.1.16.Final/netty-codec-4.1.16.Final.jar:/home/erouvas/.m2/repository/io/netty/netty-transport-native-epoll/4.1.16.Final/netty-transport-native-epoll-4.1.16.Final-linux-x86_64.jar:/home/erouvas/.m2/repository/io/netty/netty-transport-native-unix-common/4.1.16.Final/netty-transport-native-unix-common-4.1.16.Final.jar:/home/erouvas/.m2/repository/io/netty/netty-transport-native-kqueue/4.1.16.Final/netty-transport-native-kqueue-4.1.16.Final-osx-x86_64.jar:/home/erouvas/.m2/repository/io/netty/netty-codec-http/4.1.16.Final/netty-codec-http-4.1.16.Final.jar:/home/erouvas/.m2/repository/org/drools/drools-workbench-models-datamodel-api/7.23.0.Final-redhat-00002/drools-workbench-models-datamodel-api-7.23.0.Final-redhat-00002.jar:/home/erouvas/.m2/repository/org/drools/drools-workbench-models-commons/7.23.0.Final-redhat-00002/drools-workbench-models-commons-7.23.0.Final-redhat-00002.jar:/home/erouvas/.m2/repository/org/kie/kie-dmn-feel/7.23.0.Final-redhat-00002/kie-dmn-feel-7.23.0.Final-redhat-00002.jar:/home/erouvas/.m2/repository/org/kie/kie-dmn-model/7.23.0.Final-redhat-00002/kie-dmn-model-7.23.0.Final-redhat-00002.jar:/home/erouvas/.m2/repository/org/antlr/antlr4-runtime/4.7.2/antlr4-runtime-4.7.2.jar:/home/erouvas/.m2/repository/com/github/javaparser/javaparser-core/3.13.10/javaparser-core-3.13.10.jar:/home/erouvas/.m2/repository/org/drools/drools-constraint-parser/7.23.0.Final-redhat-00002/drools-constraint-parser-7.23.0.Final-redhat-00002.jar:/home/erouvas/.m2/repository/org/jboss/spec/javax/annotation/jboss-annotations-api_1.2_spec/1.0.0.Final/jboss-annotations-api_1.2_spec-1.0.0.Final.jar:/home/erouvas/.m2/repository/ch/obermuhlner/big-math/2.0.1/big-math-2.0.1.jar:/home/erouvas/.m2/repository/org/kie/kie-dmn-api/7.23.0.Final-redhat-00002/kie-dmn-api-7.23.0.Final-redhat-00002.jar:/home/erouvas/.m2/repository/org/kie/kie-dmn-core/7.23.0.Final-redhat-00002/kie-dmn-core-7.23.0.Final-redhat-00002.jar:/home/erouvas/.m2/repository/org/kie/kie-dmn-backend/7.23.0.Final-redhat-00002/kie-dmn-backend-7.23.0.Final-redhat-00002.jar:/home/erouvas/.m2/repository/org/drools/drools-canonical-model/7.23.0.Final-redhat-00002/drools-canonical-model-7.23.0.Final-redhat-00002.jar:/home/erouvas/.m2/repository/org/drools/drools-model-compiler/7.23.0.Final-redhat-00002/drools-model-compiler-7.23.0.Final-redhat-00002.jar:"/>
    <property name="sun.cpu.endian" value="little"/>
    <property name="user.home" value="/home/erouvas"/>
    <property name="user.language" value="en"/>
    <property name="java.specification.vendor" value="Oracle Corporation"/>
    <property name="java.version.date" value="2021-07-20"/>
    <property name="java.home" value="/usr/lib/jvm/java-11-openjdk-11.0.12.0.7-4.fc33.x86_64"/>
    <property name="file.separator" value="/"/>
    <property name="basedir" value="/home/erouvas/main/rh/pelatis/motability/2021.10/tax-rules"/>
    <property name="java.vm.compressedOopsMode" value="Zero based"/>
    <property name="line.separator" value="&#10;"/>
    <property name="java.specification.name" value="Java Platform API Specification"/>
    <property name="java.vm.specification.vendor" value="Oracle Corporation"/>
    <property name="java.awt.graphicsenv" value="sun.awt.X11GraphicsEnvironment"/>
    <property name="surefire.real.class.path" value="/home/erouvas/main/rh/pelatis/motability/2021.10/tax-rules/target/surefire/surefirebooter5162823993750564153.jar"/>
    <property name="sun.management.compiler" value="HotSpot 64-Bit Tiered Compilers"/>
    <property name="java.runtime.version" value="11.0.12+7"/>
    <property name="user.name" value="erouvas"/>
    <property name="path.separator" value=":"/>
    <property name="os.version" value="5.14.9-100.fc33.x86_64"/>
    <property name="java.runtime.name" value="OpenJDK Runtime Environment"/>
    <property name="file.encoding" value="UTF-8"/>
    <property name="java.vm.name" value="OpenJDK 64-Bit Server VM"/>
    <property name="java.vendor.version" value="18.9"/>
    <property name="localRepository" value="/home/erouvas/.m2/repository"/>
    <property name="java.vendor.url.bug" value="https://bugzilla.redhat.com/enter_bug.cgi?product=Fedora&amp;component=java-11-openjdk&amp;version=33"/>
    <property name="java.io.tmpdir" value="/tmp"/>
    <property name="java.version" value="11.0.12"/>
    <property name="user.dir" value="/home/erouvas/main/rh/pelatis/motability/2021.10/tax-rules"/>
    <property name="os.arch" value="amd64"/>
    <property name="java.vm.specification.name" value="Java Virtual Machine Specification"/>
    <property name="java.awt.printerjob" value="sun.print.PSPrinterJob"/>
    <property name="sun.os.patch.level" value="unknown"/>
    <property name="java.library.path" value="/usr/java/packages/lib:/usr/lib64:/lib64:/lib:/usr/lib"/>
    <property name="java.vm.info" value="mixed mode, sharing"/>
    <property name="java.vendor" value="Red Hat, Inc."/>
    <property name="java.vm.version" value="11.0.12+7"/>
    <property name="sun.io.unicode.encoding" value="UnicodeLittle"/>
    <property name="java.class.version" value="55.0"/>
  </properties>
</testsuite>